Symbol range map extraction starting
Processing 63 files
processing com\apex\client\ApexClient.java
processing com\apex\client\EventHandler.java
processing com\apex\client\Module.java
processing com\apex\client\ModuleManager.java
processing com\apex\client\config\ConfigManager.java
processing com\apex\client\gui\ApexGUI.java
processing com\apex\client\gui\font\CustomFontRenderer.java
processing com\apex\client\gui\hud\HUDRenderer.java
processing com\apex\client\module\combat\AimAssist.java
processing com\apex\client\module\combat\Aimbot.java
processing com\apex\client\module\combat\AntiBot.java
processing com\apex\client\module\combat\AutoClicker.java
processing com\apex\client\module\combat\Backtrack.java
processing com\apex\client\module\combat\Criticals.java
processing com\apex\client\module\combat\HitBox.java
processing com\apex\client\module\combat\KillAura.java
processing com\apex\client\module\combat\Reach.java
processing com\apex\client\module\combat\TriggerBot.java
processing com\apex\client\module\combat\Velocity.java
processing com\apex\client\module\misc\ClickGUIModule.java
processing com\apex\client\module\misc\Config.java
processing com\apex\client\module\misc\HUD.java
processing com\apex\client\module\misc\HUDColor.java
processing com\apex\client\module\misc\PacketSpoof.java
processing com\apex\client\module\movement\Fly.java
processing com\apex\client\module\movement\Freecam.java
processing com\apex\client\module\movement\InventoryMove.java
processing com\apex\client\module\movement\Jesus.java
processing com\apex\client\module\movement\NoFall.java
processing com\apex\client\module\movement\NoSlow.java
processing com\apex\client\module\movement\Phase.java
processing com\apex\client\module\movement\Scaffold.java
processing com\apex\client\module\movement\Sneak.java
processing com\apex\client\module\movement\Speed.java
processing com\apex\client\module\movement\Sprint.java
processing com\apex\client\module\movement\Step.java
processing com\apex\client\module\movement\Timer.java
processing com\apex\client\module\player\AutoArmor.java
processing com\apex\client\module\player\AutoRespawn.java
processing com\apex\client\module\player\AutoSoup.java
processing com\apex\client\module\player\ChestStealer.java
processing com\apex\client\module\player\FastBreak.java
processing com\apex\client\module\player\FastPlace.java
processing com\apex\client\module\player\Regen.java
processing com\apex\client\module\render\Chams.java
processing com\apex\client\module\render\ESP.java
processing com\apex\client\module\render\FullBright.java
processing com\apex\client\module\render\HandView.java
processing com\apex\client\module\render\HandViewRenderer.java
processing com\apex\client\module\render\ItemESP.java
processing com\apex\client\module\render\Nametags.java
processing com\apex\client\module\render\Tracers.java
processing com\apex\client\module\render\Xray.java
processing com\apex\client\setting\BooleanSetting.java
processing com\apex\client\setting\ButtonSetting.java
processing com\apex\client\setting\ColorSetting.java
processing com\apex\client\setting\KeybindSetting.java
processing com\apex\client\setting\ModeSetting.java
processing com\apex\client\setting\NumberSetting.java
processing com\apex\client\setting\Setting.java
processing com\apex\client\setting\StringSetting.java
processing com\apex\client\util\SpotifyManager.java
processing com\apex\client\util\TargetUtil.java
